[18-Jul-2016 07:50:14 UTC] PHP Parse error:  syntax error, unexpected '{' in /home/ubuntu/workspace/_Feng_Chia_Web_MVC/controllers/article_con.php on line 25
[18-Jul-2016 07:50:14 UTC] PHP Stack trace:
[18-Jul-2016 07:50:14 UTC] PHP   1. {main}() /home/ubuntu/workspace/_Feng_Chia_Web_MVC/views/article.php:0
[18-Jul-2016 07:51:04 UTC] PHP Parse error:  syntax error, unexpected '{' in /home/ubuntu/workspace/_Feng_Chia_Web_MVC/controllers/article_con.php on line 25
[18-Jul-2016 07:51:04 UTC] PHP Stack trace:
[18-Jul-2016 07:51:04 UTC] PHP   1. {main}() /home/ubuntu/workspace/_Feng_Chia_Web_MVC/views/article.php:0
[18-Jul-2016 07:55:43 UTC] PHP Warning:  mysql_fetch_assoc() expects parameter 1 to be resource, null given in /home/ubuntu/workspace/_Feng_Chia_Web_MVC/views/article.php on line 69
[18-Jul-2016 07:55:43 UTC] PHP Stack trace:
[18-Jul-2016 07:55:43 UTC] PHP   1. {main}() /home/ubuntu/workspace/_Feng_Chia_Web_MVC/views/article.php:0
[18-Jul-2016 07:55:43 UTC] PHP   2. mysql_fetch_assoc() /home/ubuntu/workspace/_Feng_Chia_Web_MVC/views/article.php:69
[18-Jul-2016 07:57:54 UTC] PHP Warning:  mysql_fetch_assoc() expects parameter 1 to be resource, null given in /home/ubuntu/workspace/_Feng_Chia_Web_MVC/views/article.php on line 69
[18-Jul-2016 07:57:54 UTC] PHP Stack trace:
[18-Jul-2016 07:57:54 UTC] PHP   1. {main}() /home/ubuntu/workspace/_Feng_Chia_Web_MVC/views/article.php:0
[18-Jul-2016 07:57:54 UTC] PHP   2. mysql_fetch_assoc() /home/ubuntu/workspace/_Feng_Chia_Web_MVC/views/article.php:69
[18-Jul-2016 08:25:06 UTC] PHP Warning:  mysql_fetch_assoc() expects parameter 1 to be resource, null given in /home/ubuntu/workspace/_Feng_Chia_Web_MVC/views/member.php on line 70
[18-Jul-2016 08:25:06 UTC] PHP Stack trace:
[18-Jul-2016 08:25:06 UTC] PHP   1. {main}() /home/ubuntu/workspace/_Feng_Chia_Web_MVC/views/member.php:0
[18-Jul-2016 08:25:06 UTC] PHP   2. mysql_fetch_assoc() /home/ubuntu/workspace/_Feng_Chia_Web_MVC/views/member.php:70
[18-Jul-2016 08:25:10 UTC] PHP Warning:  mysql_fetch_assoc() expects parameter 1 to be resource, null given in /home/ubuntu/workspace/_Feng_Chia_Web_MVC/views/member.php on line 70
[18-Jul-2016 08:25:10 UTC] PHP Stack trace:
[18-Jul-2016 08:25:10 UTC] PHP   1. {main}() /home/ubuntu/workspace/_Feng_Chia_Web_MVC/views/member.php:0
[18-Jul-2016 08:25:10 UTC] PHP   2. mysql_fetch_assoc() /home/ubuntu/workspace/_Feng_Chia_Web_MVC/views/member.php:70
[18-Jul-2016 08:48:20 UTC] PHP Warning:  require(../controllers/changepassword_mod.php): failed to open stream: No such file or directory in /home/ubuntu/workspace/_Feng_Chia_Web_MVC/controllers/changepassword_con.php on line 12
[18-Jul-2016 08:48:20 UTC] PHP Stack trace:
[18-Jul-2016 08:48:20 UTC] PHP   1. {main}() /home/ubuntu/workspace/_Feng_Chia_Web_MVC/views/changepassword.php:0
[18-Jul-2016 08:48:20 UTC] PHP   2. require() /home/ubuntu/workspace/_Feng_Chia_Web_MVC/views/changepassword.php:3
[18-Jul-2016 08:48:20 UTC] PHP Fatal error:  require(): Failed opening required '../controllers/changepassword_mod.php' (include_path='.:/usr/share/php:/usr/share/pear') in /home/ubuntu/workspace/_Feng_Chia_Web_MVC/controllers/changepassword_con.php on line 12
[18-Jul-2016 08:48:20 UTC] PHP Stack trace:
[18-Jul-2016 08:48:20 UTC] PHP   1. {main}() /home/ubuntu/workspace/_Feng_Chia_Web_MVC/views/changepassword.php:0
[18-Jul-2016 08:48:20 UTC] PHP   2. require() /home/ubuntu/workspace/_Feng_Chia_Web_MVC/views/changepassword.php:3
[18-Jul-2016 08:48:59 UTC] PHP Warning:  require(../controllers/changepassword_mod.php): failed to open stream: No such file or directory in /home/ubuntu/workspace/_Feng_Chia_Web_MVC/controllers/changepassword_con.php on line 12
[18-Jul-2016 08:48:59 UTC] PHP Stack trace:
[18-Jul-2016 08:48:59 UTC] PHP   1. {main}() /home/ubuntu/workspace/_Feng_Chia_Web_MVC/views/changepassword.php:0
[18-Jul-2016 08:48:59 UTC] PHP   2. require() /home/ubuntu/workspace/_Feng_Chia_Web_MVC/views/changepassword.php:3
[18-Jul-2016 08:48:59 UTC] PHP Fatal error:  require(): Failed opening required '../controllers/changepassword_mod.php' (include_path='.:/usr/share/php:/usr/share/pear') in /home/ubuntu/workspace/_Feng_Chia_Web_MVC/controllers/changepassword_con.php on line 12
[18-Jul-2016 08:48:59 UTC] PHP Stack trace:
[18-Jul-2016 08:48:59 UTC] PHP   1. {main}() /home/ubuntu/workspace/_Feng_Chia_Web_MVC/views/changepassword.php:0
[18-Jul-2016 08:48:59 UTC] PHP   2. require() /home/ubuntu/workspace/_Feng_Chia_Web_MVC/views/changepassword.php:3
[19-Jul-2016 07:42:32 UTC] PHP Fatal error:  Class 'getdata' not found in /home/ubuntu/workspace/_Feng_Chia_Web_MVC/models/registration_mod_check_ajax.php on line 7
[19-Jul-2016 07:42:32 UTC] PHP Stack trace:
[19-Jul-2016 07:42:32 UTC] PHP   1. {main}() /home/ubuntu/workspace/_Feng_Chia_Web_MVC/models/registration_mod_check_ajax.php:0
[19-Jul-2016 07:44:56 UTC] PHP Fatal error:  Class 'getdata' not found in /home/ubuntu/workspace/_Feng_Chia_Web_MVC/models/registration_mod_check_ajax.php on line 7
[19-Jul-2016 07:44:56 UTC] PHP Stack trace:
[19-Jul-2016 07:44:56 UTC] PHP   1. {main}() /home/ubuntu/workspace/_Feng_Chia_Web_MVC/models/registration_mod_check_ajax.php:0
[19-Jul-2016 07:56:02 UTC] PHP Fatal error:  Cannot use isset() on the result of an expression (you can use "null !== expression" instead) in /home/ubuntu/workspace/_Feng_Chia_Web_MVC/models/registration_mod_check_ajax.php on line 11
[19-Jul-2016 07:56:05 UTC] PHP Fatal error:  Cannot use isset() on the result of an expression (you can use "null !== expression" instead) in /home/ubuntu/workspace/_Feng_Chia_Web_MVC/models/registration_mod_check_ajax.php on line 11
[19-Jul-2016 08:17:00 UTC] PHP Fatal error:  Cannot use isset() on the result of an expression (you can use "null !== expression" instead) in /home/ubuntu/workspace/_Feng_Chia_Web_MVC/models/registration_mod_check_ajax.php on line 13
[19-Jul-2016 08:17:14 UTC] PHP Fatal error:  Cannot use isset() on the result of an expression (you can use "null !== expression" instead) in /home/ubuntu/workspace/_Feng_Chia_Web_MVC/models/registration_mod_check_ajax.php on line 13
[19-Jul-2016 08:21:28 UTC] PHP Fatal error:  Cannot use isset() on the result of an expression (you can use "null !== expression" instead) in /home/ubuntu/workspace/_Feng_Chia_Web_MVC/models/registration_mod_check_ajax.php on line 13
[19-Jul-2016 08:21:31 UTC] PHP Fatal error:  Cannot use isset() on the result of an expression (you can use "null !== expression" instead) in /home/ubuntu/workspace/_Feng_Chia_Web_MVC/models/registration_mod_check_ajax.php on line 13
[19-Jul-2016 08:21:35 UTC] PHP Fatal error:  Cannot use isset() on the result of an expression (you can use "null !== expression" instead) in /home/ubuntu/workspace/_Feng_Chia_Web_MVC/models/registration_mod_check_ajax.php on line 13
